{"D:\\data\\Projects\\Github\\Company\\GA\\Training\\crud-demo\\frontend\\src\\App.js": {"path":"D:\\data\\Projects\\Github\\Company\\GA\\Training\\crud-demo\\frontend\\src\\App.js","statementMap":{"0":{"start":{"line":9,"column":12},"end":{"line":55,"column":1}},"1":{"start":{"line":10,"column":46},"end":{"line":10,"column":58}},"2":{"start":{"line":11,"column":32},"end":{"line":11,"column":47}},"3":{"start":{"line":12,"column":2},"end":{"line":54,"column":4}}},"fnMap":{"0":{"name":"(anonymous_0)","decl":{"start":{"line":9,"column":12},"end":{"line":9,"column":13}},"loc":{"start":{"line":9,"column":18},"end":{"line":55,"column":1}},"line":9}},"branchMap":{},"s":{"0":1,"1":1,"2":1,"3":1},"f":{"0":1},"b":{},"_coverageSchema":"1a1c01bbd47fc00a2c39e90264f33305004495a9","hash":"4b71d09a3e9784b8abd1edb3b6e159f85524dbba"}
,"D:\\data\\Projects\\Github\\Company\\GA\\Training\\crud-demo\\frontend\\src\\helperFunction.js": {"path":"D:\\data\\Projects\\Github\\Company\\GA\\Training\\crud-demo\\frontend\\src\\helperFunction.js","statementMap":{"0":{"start":{"line":1,"column":29},"end":{"line":12,"column":1}},"1":{"start":{"line":2,"column":2},"end":{"line":11,"column":5}},"2":{"start":{"line":3,"column":4},"end":{"line":10,"column":5}},"3":{"start":{"line":4,"column":6},"end":{"line":9,"column":20}},"4":{"start":{"line":9,"column":8},"end":{"line":9,"column":20}},"5":{"start":{"line":14,"column":30},"end":{"line":20,"column":1}},"6":{"start":{"line":15,"column":2},"end":{"line":19,"column":3}},"7":{"start":{"line":16,"column":4},"end":{"line":16,"column":16}},"8":{"start":{"line":18,"column":4},"end":{"line":18,"column":17}},"9":{"start":{"line":22,"column":29},"end":{"line":29,"column":1}},"10":{"start":{"line":23,"column":13},"end":{"line":23,"column":58}},"11":{"start":{"line":24,"column":2},"end":{"line":28,"column":3}},"12":{"start":{"line":25,"column":4},"end":{"line":25,"column":16}},"13":{"start":{"line":27,"column":4},"end":{"line":27,"column":17}},"14":{"start":{"line":31,"column":32},"end":{"line":39,"column":1}},"15":{"start":{"line":33,"column":4},"end":{"line":33,"column":113}},"16":{"start":{"line":34,"column":2},"end":{"line":38,"column":3}},"17":{"start":{"line":35,"column":4},"end":{"line":35,"column":16}},"18":{"start":{"line":37,"column":4},"end":{"line":37,"column":17}}},"fnMap":{"0":{"name":"(anonymous_0)","decl":{"start":{"line":1,"column":29},"end":{"line":1,"column":30}},"loc":{"start":{"line":1,"column":57},"end":{"line":12,"column":1}},"line":1},"1":{"name":"(anonymous_1)","decl":{"start":{"line":2,"column":25},"end":{"line":2,"column":26}},"loc":{"start":{"line":2,"column":34},"end":{"line":11,"column":3}},"line":2},"2":{"name":"(anonymous_2)","decl":{"start":{"line":14,"column":30},"end":{"line":14,"column":31}},"loc":{"start":{"line":14,"column":57},"end":{"line":20,"column":1}},"line":14},"3":{"name":"(anonymous_3)","decl":{"start":{"line":22,"column":29},"end":{"line":22,"column":30}},"loc":{"start":{"line":22,"column":40},"end":{"line":29,"column":1}},"line":22},"4":{"name":"(anonymous_4)","decl":{"start":{"line":31,"column":32},"end":{"line":31,"column":33}},"loc":{"start":{"line":31,"column":46},"end":{"line":39,"column":1}},"line":31}},"branchMap":{"0":{"loc":{"start":{"line":4,"column":6},"end":{"line":9,"column":20}},"type":"if","locations":[{"start":{"line":4,"column":6},"end":{"line":9,"column":20}},{"start":{},"end":{}}],"line":4},"1":{"loc":{"start":{"line":15,"column":2},"end":{"line":19,"column":3}},"type":"if","locations":[{"start":{"line":15,"column":2},"end":{"line":19,"column":3}},{"start":{"line":17,"column":9},"end":{"line":19,"column":3}}],"line":15},"2":{"loc":{"start":{"line":15,"column":6},"end":{"line":15,"column":60}},"type":"binary-expr","locations":[{"start":{"line":15,"column":6},"end":{"line":15,"column":31}},{"start":{"line":15,"column":35},"end":{"line":15,"column":60}}],"line":15},"3":{"loc":{"start":{"line":24,"column":2},"end":{"line":28,"column":3}},"type":"if","locations":[{"start":{"line":24,"column":2},"end":{"line":28,"column":3}},{"start":{"line":26,"column":9},"end":{"line":28,"column":3}}],"line":24},"4":{"loc":{"start":{"line":34,"column":2},"end":{"line":38,"column":3}},"type":"if","locations":[{"start":{"line":34,"column":2},"end":{"line":38,"column":3}},{"start":{"line":36,"column":9},"end":{"line":38,"column":3}}],"line":34}},"s":{"0":5,"1":0,"2":0,"3":0,"4":0,"5":5,"6":3,"7":2,"8":1,"9":5,"10":3,"11":3,"12":2,"13":1,"14":5,"15":3,"16":3,"17":2,"18":1},"f":{"0":0,"1":0,"2":3,"3":3,"4":3},"b":{"0":[0,0],"1":[2,1],"2":[3,3],"3":[2,1],"4":[2,1]},"_coverageSchema":"1a1c01bbd47fc00a2c39e90264f33305004495a9","hash":"5e484edce253fb9267231dde65aa9229235da1b2"}
,"D:\\data\\Projects\\Github\\Company\\GA\\Training\\crud-demo\\frontend\\src\\index.js": {"path":"D:\\data\\Projects\\Github\\Company\\GA\\Training\\crud-demo\\frontend\\src\\index.js","statementMap":{"0":{"start":{"line":7,"column":0},"end":{"line":12,"column":2}},"1":{"start":{"line":17,"column":0},"end":{"line":17,"column":18}}},"fnMap":{},"branchMap":{},"s":{"0":0,"1":0},"f":{},"b":{}}
,"D:\\data\\Projects\\Github\\Company\\GA\\Training\\crud-demo\\frontend\\src\\reportWebVitals.js": {"path":"D:\\data\\Projects\\Github\\Company\\GA\\Training\\crud-demo\\frontend\\src\\reportWebVitals.js","statementMap":{"0":{"start":{"line":1,"column":24},"end":{"line":11,"column":1}},"1":{"start":{"line":2,"column":2},"end":{"line":10,"column":3}},"2":{"start":{"line":3,"column":4},"end":{"line":9,"column":7}},"3":{"start":{"line":4,"column":6},"end":{"line":4,"column":26}},"4":{"start":{"line":5,"column":6},"end":{"line":5,"column":26}},"5":{"start":{"line":6,"column":6},"end":{"line":6,"column":26}},"6":{"start":{"line":7,"column":6},"end":{"line":7,"column":26}},"7":{"start":{"line":8,"column":6},"end":{"line":8,"column":27}}},"fnMap":{"0":{"name":"(anonymous_0)","decl":{"start":{"line":1,"column":24},"end":{"line":1,"column":25}},"loc":{"start":{"line":1,"column":39},"end":{"line":11,"column":1}},"line":1},"1":{"name":"(anonymous_1)","decl":{"start":{"line":3,"column":30},"end":{"line":3,"column":31}},"loc":{"start":{"line":3,"column":79},"end":{"line":9,"column":5}},"line":3}},"branchMap":{"0":{"loc":{"start":{"line":2,"column":2},"end":{"line":10,"column":3}},"type":"if","locations":[{"start":{"line":2,"column":2},"end":{"line":10,"column":3}},{"start":{},"end":{}}],"line":2},"1":{"loc":{"start":{"line":2,"column":6},"end":{"line":2,"column":52}},"type":"binary-expr","locations":[{"start":{"line":2,"column":6},"end":{"line":2,"column":17}},{"start":{"line":2,"column":21},"end":{"line":2,"column":52}}],"line":2}},"s":{"0":0,"1":0,"2":0,"3":0,"4":0,"5":0,"6":0,"7":0},"f":{"0":0,"1":0},"b":{"0":[0,0],"1":[0,0]}}
,"D:\\data\\Projects\\Github\\Company\\GA\\Training\\crud-demo\\frontend\\src\\components\\AddStudent.js": {"path":"D:\\data\\Projects\\Github\\Company\\GA\\Training\\crud-demo\\frontend\\src\\components\\AddStudent.js","statementMap":{"0":{"start":{"line":3,"column":19},"end":{"line":19,"column":1}},"1":{"start":{"line":4,"column":2},"end":{"line":18,"column":4}},"2":{"start":{"line":12,"column":10},"end":{"line":12,"column":33}}},"fnMap":{"0":{"name":"(anonymous_0)","decl":{"start":{"line":3,"column":19},"end":{"line":3,"column":20}},"loc":{"start":{"line":3,"column":44},"end":{"line":19,"column":1}},"line":3},"1":{"name":"(anonymous_1)","decl":{"start":{"line":11,"column":17},"end":{"line":11,"column":18}},"loc":{"start":{"line":11,"column":23},"end":{"line":13,"column":9}},"line":11}},"branchMap":{},"s":{"0":3,"1":1,"2":0},"f":{"0":1,"1":0},"b":{},"_coverageSchema":"1a1c01bbd47fc00a2c39e90264f33305004495a9","hash":"fd96c92cf85aa77182bf8f2a0beed42bae33f30b"}
,"D:\\data\\Projects\\Github\\Company\\GA\\Training\\crud-demo\\frontend\\src\\components\\CSVCreator.js": {"path":"D:\\data\\Projects\\Github\\Company\\GA\\Training\\crud-demo\\frontend\\src\\components\\CSVCreator.js","statementMap":{"0":{"start":{"line":4,"column":19},"end":{"line":20,"column":1}},"1":{"start":{"line":5,"column":2},"end":{"line":19,"column":4}},"2":{"start":{"line":11,"column":10},"end":{"line":11,"column":29}},"3":{"start":{"line":12,"column":26},"end":{"line":12,"column":43}},"4":{"start":{"line":13,"column":10},"end":{"line":13,"column":31}}},"fnMap":{"0":{"name":"(anonymous_0)","decl":{"start":{"line":4,"column":19},"end":{"line":4,"column":20}},"loc":{"start":{"line":4,"column":33},"end":{"line":20,"column":1}},"line":4},"1":{"name":"(anonymous_1)","decl":{"start":{"line":10,"column":17},"end":{"line":10,"column":18}},"loc":{"start":{"line":10,"column":24},"end":{"line":14,"column":9}},"line":10}},"branchMap":{},"s":{"0":3,"1":0,"2":0,"3":0,"4":0},"f":{"0":0,"1":0},"b":{},"_coverageSchema":"1a1c01bbd47fc00a2c39e90264f33305004495a9","hash":"7ee83142346552bcf9f3136033aeeaaec8b763cf"}
,"D:\\data\\Projects\\Github\\Company\\GA\\Training\\crud-demo\\frontend\\src\\components\\CSVUpload.js": {"path":"D:\\data\\Projects\\Github\\Company\\GA\\Training\\crud-demo\\frontend\\src\\components\\CSVUpload.js","statementMap":{"0":{"start":{"line":3,"column":18},"end":{"line":18,"column":1}},"1":{"start":{"line":4,"column":2},"end":{"line":17,"column":4}}},"fnMap":{"0":{"name":"(anonymous_0)","decl":{"start":{"line":3,"column":18},"end":{"line":3,"column":19}},"loc":{"start":{"line":3,"column":44},"end":{"line":18,"column":1}},"line":3}},"branchMap":{},"s":{"0":3,"1":0},"f":{"0":0},"b":{},"_coverageSchema":"1a1c01bbd47fc00a2c39e90264f33305004495a9","hash":"7e181a1823cada5acaaa572d430e806082f87529"}
,"D:\\data\\Projects\\Github\\Company\\GA\\Training\\crud-demo\\frontend\\src\\components\\Login.js": {"path":"D:\\data\\Projects\\Github\\Company\\GA\\Training\\crud-demo\\frontend\\src\\components\\Login.js","statementMap":{"0":{"start":{"line":6,"column":14},"end":{"line":99,"column":1}},"1":{"start":{"line":7,"column":17},"end":{"line":7,"column":30}},"2":{"start":{"line":8,"column":2},"end":{"line":12,"column":16}},"3":{"start":{"line":10,"column":6},"end":{"line":10,"column":67}},"4":{"start":{"line":13,"column":42},"end":{"line":13,"column":57}},"5":{"start":{"line":14,"column":34},"end":{"line":14,"column":46}},"6":{"start":{"line":15,"column":40},"end":{"line":15,"column":52}},"7":{"start":{"line":17,"column":23},"end":{"line":23,"column":3}},"8":{"start":{"line":18,"column":4},"end":{"line":22,"column":5}},"9":{"start":{"line":19,"column":6},"end":{"line":19,"column":25}},"10":{"start":{"line":21,"column":6},"end":{"line":21,"column":28}},"11":{"start":{"line":24,"column":25},"end":{"line":26,"column":3}},"12":{"start":{"line":25,"column":4},"end":{"line":25,"column":35}},"13":{"start":{"line":28,"column":2},"end":{"line":98,"column":4}},"14":{"start":{"line":41,"column":12},"end":{"line":41,"column":40}},"15":{"start":{"line":63,"column":14},"end":{"line":63,"column":55}},"16":{"start":{"line":91,"column":12},"end":{"line":91,"column":29}}},"fnMap":{"0":{"name":"(anonymous_0)","decl":{"start":{"line":6,"column":14},"end":{"line":6,"column":15}},"loc":{"start":{"line":6,"column":43},"end":{"line":99,"column":1}},"line":6},"1":{"name":"(anonymous_1)","decl":{"start":{"line":8,"column":12},"end":{"line":8,"column":13}},"loc":{"start":{"line":8,"column":18},"end":{"line":12,"column":3}},"line":8},"2":{"name":"(anonymous_2)","decl":{"start":{"line":17,"column":23},"end":{"line":17,"column":24}},"loc":{"start":{"line":17,"column":40},"end":{"line":23,"column":3}},"line":17},"3":{"name":"(anonymous_3)","decl":{"start":{"line":24,"column":25},"end":{"line":24,"column":26}},"loc":{"start":{"line":24,"column":31},"end":{"line":26,"column":3}},"line":24},"4":{"name":"(anonymous_4)","decl":{"start":{"line":40,"column":20},"end":{"line":40,"column":21}},"loc":{"start":{"line":40,"column":27},"end":{"line":42,"column":11}},"line":40},"5":{"name":"(anonymous_5)","decl":{"start":{"line":62,"column":22},"end":{"line":62,"column":23}},"loc":{"start":{"line":62,"column":29},"end":{"line":64,"column":13}},"line":62},"6":{"name":"(anonymous_6)","decl":{"start":{"line":90,"column":19},"end":{"line":90,"column":20}},"loc":{"start":{"line":90,"column":25},"end":{"line":92,"column":11}},"line":90}},"branchMap":{"0":{"loc":{"start":{"line":10,"column":6},"end":{"line":10,"column":66}},"type":"cond-expr","locations":[{"start":{"line":10,"column":25},"end":{"line":10,"column":45}},{"start":{"line":10,"column":48},"end":{"line":10,"column":66}}],"line":10},"1":{"loc":{"start":{"line":18,"column":4},"end":{"line":22,"column":5}},"type":"if","locations":[{"start":{"line":18,"column":4},"end":{"line":22,"column":5}},{"start":{"line":20,"column":11},"end":{"line":22,"column":5}}],"line":18},"2":{"loc":{"start":{"line":45,"column":11},"end":{"line":49,"column":16}},"type":"cond-expr","locations":[{"start":{"line":46,"column":14},"end":{"line":48,"column":59}},{"start":{"line":49,"column":14},"end":{"line":49,"column":16}}],"line":45},"3":{"loc":{"start":{"line":46,"column":14},"end":{"line":48,"column":59}},"type":"cond-expr","locations":[{"start":{"line":47,"column":16},"end":{"line":47,"column":18}},{"start":{"line":48,"column":16},"end":{"line":48,"column":59}}],"line":46},"4":{"loc":{"start":{"line":58,"column":18},"end":{"line":58,"column":52}},"type":"cond-expr","locations":[{"start":{"line":58,"column":33},"end":{"line":58,"column":39}},{"start":{"line":58,"column":42},"end":{"line":58,"column":52}}],"line":58},"5":{"loc":{"start":{"line":68,"column":14},"end":{"line":68,"column":60}},"type":"cond-expr","locations":[{"start":{"line":68,"column":29},"end":{"line":68,"column":46}},{"start":{"line":68,"column":49},"end":{"line":68,"column":60}}],"line":68},"6":{"loc":{"start":{"line":75,"column":11},"end":{"line":79,"column":16}},"type":"cond-expr","locations":[{"start":{"line":76,"column":14},"end":{"line":78,"column":185}},{"start":{"line":79,"column":14},"end":{"line":79,"column":16}}],"line":75},"7":{"loc":{"start":{"line":76,"column":14},"end":{"line":78,"column":185}},"type":"cond-expr","locations":[{"start":{"line":77,"column":16},"end":{"line":77,"column":18}},{"start":{"line":78,"column":16},"end":{"line":78,"column":185}}],"line":76},"8":{"loc":{"start":{"line":85,"column":12},"end":{"line":87,"column":42}},"type":"cond-expr","locations":[{"start":{"line":86,"column":16},"end":{"line":86,"column":42}},{"start":{"line":87,"column":16},"end":{"line":87,"column":42}}],"line":85},"9":{"loc":{"start":{"line":85,"column":12},"end":{"line":85,"column":68}},"type":"binary-expr","locations":[{"start":{"line":85,"column":12},"end":{"line":85,"column":41}},{"start":{"line":85,"column":45},"end":{"line":85,"column":68}}],"line":85}},"s":{"0":2,"1":0,"2":0,"3":0,"4":0,"5":0,"6":0,"7":0,"8":0,"9":0,"10":0,"11":0,"12":0,"13":0,"14":0,"15":0,"16":0},"f":{"0":0,"1":0,"2":0,"3":0,"4":0,"5":0,"6":0},"b":{"0":[0,0],"1":[0,0],"2":[0,0],"3":[0,0],"4":[0,0],"5":[0,0],"6":[0,0],"7":[0,0],"8":[0,0],"9":[0,0]},"_coverageSchema":"1a1c01bbd47fc00a2c39e90264f33305004495a9","hash":"b5cca74c8feec0e81cd48ddfee9607a6f08aad61"}
,"D:\\data\\Projects\\Github\\Company\\GA\\Training\\crud-demo\\frontend\\src\\components\\Modal.js": {"path":"D:\\data\\Projects\\Github\\Company\\GA\\Training\\crud-demo\\frontend\\src\\components\\Modal.js","statementMap":{"0":{"start":{"line":3,"column":14},"end":{"line":107,"column":1}},"1":{"start":{"line":13,"column":2},"end":{"line":106,"column":4}},"2":{"start":{"line":39,"column":16},"end":{"line":82,"column":22}},"3":{"start":{"line":71,"column":26},"end":{"line":73,"column":45}}},"fnMap":{"0":{"name":"(anonymous_0)","decl":{"start":{"line":3,"column":14},"end":{"line":3,"column":15}},"loc":{"start":{"line":12,"column":6},"end":{"line":107,"column":1}},"line":12},"1":{"name":"(anonymous_1)","decl":{"start":{"line":38,"column":28},"end":{"line":38,"column":29}},"loc":{"start":{"line":39,"column":16},"end":{"line":82,"column":22}},"line":39},"2":{"name":"(anonymous_2)","decl":{"start":{"line":70,"column":34},"end":{"line":70,"column":35}},"loc":{"start":{"line":70,"column":41},"end":{"line":74,"column":25}},"line":70}},"branchMap":{"0":{"loc":{"start":{"line":28,"column":17},"end":{"line":28,"column":70}},"type":"cond-expr","locations":[{"start":{"line":28,"column":40},"end":{"line":28,"column":54}},{"start":{"line":28,"column":57},"end":{"line":28,"column":70}}],"line":28},"1":{"loc":{"start":{"line":44,"column":21},"end":{"line":48,"column":31}},"type":"cond-expr","locations":[{"start":{"line":45,"column":24},"end":{"line":47,"column":28}},{"start":{"line":48,"column":24},"end":{"line":48,"column":31}}],"line":44},"2":{"loc":{"start":{"line":45,"column":24},"end":{"line":47,"column":28}},"type":"cond-expr","locations":[{"start":{"line":46,"column":26},"end":{"line":46,"column":30}},{"start":{"line":47,"column":26},"end":{"line":47,"column":28}}],"line":45},"3":{"loc":{"start":{"line":51,"column":21},"end":{"line":80,"column":21}},"type":"cond-expr","locations":[{"start":{"line":52,"column":22},"end":{"line":75,"column":24}},{"start":{"line":76,"column":24},"end":{"line":80,"column":21}}],"line":51},"4":{"loc":{"start":{"line":55,"column":26},"end":{"line":61,"column":36}},"type":"cond-expr","locations":[{"start":{"line":56,"column":30},"end":{"line":56,"column":36}},{"start":{"line":57,"column":30},"end":{"line":61,"column":36}}],"line":55},"5":{"loc":{"start":{"line":57,"column":30},"end":{"line":61,"column":36}},"type":"cond-expr","locations":[{"start":{"line":58,"column":30},"end":{"line":58,"column":37}},{"start":{"line":59,"column":30},"end":{"line":61,"column":36}}],"line":57},"6":{"loc":{"start":{"line":59,"column":30},"end":{"line":61,"column":36}},"type":"cond-expr","locations":[{"start":{"line":60,"column":30},"end":{"line":60,"column":38}},{"start":{"line":61,"column":30},"end":{"line":61,"column":36}}],"line":59},"7":{"loc":{"start":{"line":66,"column":26},"end":{"line":68,"column":49}},"type":"cond-expr","locations":[{"start":{"line":67,"column":30},"end":{"line":67,"column":50}},{"start":{"line":68,"column":30},"end":{"line":68,"column":49}}],"line":66},"8":{"loc":{"start":{"line":71,"column":26},"end":{"line":73,"column":44}},"type":"cond-expr","locations":[{"start":{"line":72,"column":30},"end":{"line":72,"column":45}},{"start":{"line":73,"column":30},"end":{"line":73,"column":44}}],"line":71},"9":{"loc":{"start":{"line":76,"column":24},"end":{"line":80,"column":21}},"type":"cond-expr","locations":[{"start":{"line":77,"column":22},"end":{"line":77,"column":42}},{"start":{"line":79,"column":22},"end":{"line":79,"column":41}}],"line":76},"10":{"loc":{"start":{"line":97,"column":25},"end":{"line":97,"column":78}},"type":"cond-expr","locations":[{"start":{"line":97,"column":48},"end":{"line":97,"column":62}},{"start":{"line":97,"column":65},"end":{"line":97,"column":78}}],"line":97},"11":{"loc":{"start":{"line":99,"column":17},"end":{"line":99,"column":56}},"type":"cond-expr","locations":[{"start":{"line":99,"column":40},"end":{"line":99,"column":48}},{"start":{"line":99,"column":51},"end":{"line":99,"column":56}}],"line":99}},"s":{"0":3,"1":0,"2":0,"3":0},"f":{"0":0,"1":0,"2":0},"b":{"0":[0,0],"1":[0,0],"2":[0,0],"3":[0,0],"4":[0,0],"5":[0,0],"6":[0,0],"7":[0,0],"8":[0,0],"9":[0,0],"10":[0,0],"11":[0,0]},"_coverageSchema":"1a1c01bbd47fc00a2c39e90264f33305004495a9","hash":"6da69b67bf1859df3526511e7d0c423e2ec8475f"}
,"D:\\data\\Projects\\Github\\Company\\GA\\Training\\crud-demo\\frontend\\src\\components\\Navbar.js": {"path":"D:\\data\\Projects\\Github\\Company\\GA\\Training\\crud-demo\\frontend\\src\\components\\Navbar.js","statementMap":{"0":{"start":{"line":4,"column":15},"end":{"line":35,"column":1}},"1":{"start":{"line":5,"column":2},"end":{"line":34,"column":4}},"2":{"start":{"line":20,"column":18},"end":{"line":20,"column":36}}},"fnMap":{"0":{"name":"(anonymous_0)","decl":{"start":{"line":4,"column":15},"end":{"line":4,"column":16}},"loc":{"start":{"line":4,"column":44},"end":{"line":35,"column":1}},"line":4},"1":{"name":"(anonymous_1)","decl":{"start":{"line":19,"column":25},"end":{"line":19,"column":26}},"loc":{"start":{"line":19,"column":31},"end":{"line":21,"column":17}},"line":19}},"branchMap":{"0":{"loc":{"start":{"line":15,"column":13},"end":{"line":29,"column":13}},"type":"cond-expr","locations":[{"start":{"line":16,"column":14},"end":{"line":24,"column":21}},{"start":{"line":26,"column":14},"end":{"line":28,"column":21}}],"line":15}},"s":{"0":2,"1":2,"2":0},"f":{"0":2,"1":0},"b":{"0":[0,2]},"_coverageSchema":"1a1c01bbd47fc00a2c39e90264f33305004495a9","hash":"92fb0a7d84a57cd2f48adde52649df5d96e20768"}
,"D:\\data\\Projects\\Github\\Company\\GA\\Training\\crud-demo\\frontend\\src\\components\\Profile.js": {"path":"D:\\data\\Projects\\Github\\Company\\GA\\Training\\crud-demo\\frontend\\src\\components\\Profile.js","statementMap":{"0":{"start":{"line":4,"column":16},"end":{"line":83,"column":1}},"1":{"start":{"line":6,"column":17},"end":{"line":6,"column":30}},"2":{"start":{"line":7,"column":2},"end":{"line":11,"column":16}},"3":{"start":{"line":9,"column":6},"end":{"line":9,"column":45}},"4":{"start":{"line":13,"column":2},"end":{"line":82,"column":4}}},"fnMap":{"0":{"name":"(anonymous_0)","decl":{"start":{"line":4,"column":16},"end":{"line":4,"column":17}},"loc":{"start":{"line":4,"column":46},"end":{"line":83,"column":1}},"line":4},"1":{"name":"(anonymous_1)","decl":{"start":{"line":7,"column":12},"end":{"line":7,"column":13}},"loc":{"start":{"line":7,"column":18},"end":{"line":11,"column":3}},"line":7}},"branchMap":{"0":{"loc":{"start":{"line":9,"column":6},"end":{"line":9,"column":44}},"type":"binary-expr","locations":[{"start":{"line":9,"column":6},"end":{"line":9,"column":22}},{"start":{"line":9,"column":26},"end":{"line":9,"column":44}}],"line":9}},"s":{"0":2,"1":0,"2":0,"3":0,"4":0},"f":{"0":0,"1":0},"b":{"0":[0,0]},"_coverageSchema":"1a1c01bbd47fc00a2c39e90264f33305004495a9","hash":"ba2cf532679be4954028d28267e4dba424401f56"}
,"D:\\data\\Projects\\Github\\Company\\GA\\Training\\crud-demo\\frontend\\src\\components\\Student.js": {"path":"D:\\data\\Projects\\Github\\Company\\GA\\Training\\crud-demo\\frontend\\src\\components\\Student.js","statementMap":{"0":{"start":{"line":10,"column":14},"end":{"line":10,"column":38}},"1":{"start":{"line":12,"column":17},"end":{"line":20,"column":1}},"2":{"start":{"line":22,"column":16},"end":{"line":250,"column":1}},"3":{"start":{"line":23,"column":17},"end":{"line":23,"column":30}},"4":{"start":{"line":24,"column":2},"end":{"line":28,"column":16}},"5":{"start":{"line":26,"column":6},"end":{"line":26,"column":45}},"6":{"start":{"line":29,"column":25},"end":{"line":29,"column":27}},"7":{"start":{"line":30,"column":34},"end":{"line":30,"column":58}},"8":{"start":{"line":32,"column":15},"end":{"line":32,"column":41}},"9":{"start":{"line":33,"column":21},"end":{"line":39,"column":3}},"10":{"start":{"line":34,"column":4},"end":{"line":34,"column":39}},"11":{"start":{"line":35,"column":4},"end":{"line":38,"column":7}},"12":{"start":{"line":36,"column":6},"end":{"line":36,"column":33}},"13":{"start":{"line":37,"column":6},"end":{"line":37,"column":23}},"14":{"start":{"line":40,"column":2},"end":{"line":42,"column":9}},"15":{"start":{"line":41,"column":4},"end":{"line":41,"column":17}},"16":{"start":{"line":44,"column":36},"end":{"line":44,"column":48}},"17":{"start":{"line":45,"column":44},"end":{"line":45,"column":62}},"18":{"start":{"line":46,"column":40},"end":{"line":54,"column":4}},"19":{"start":{"line":56,"column":42},"end":{"line":64,"column":4}},"20":{"start":{"line":66,"column":21},"end":{"line":71,"column":3}},"21":{"start":{"line":67,"column":4},"end":{"line":67,"column":23}},"22":{"start":{"line":68,"column":4},"end":{"line":68,"column":25}},"23":{"start":{"line":69,"column":23},"end":{"line":69,"column":30}},"24":{"start":{"line":70,"column":4},"end":{"line":70,"column":32}},"25":{"start":{"line":73,"column":31},"end":{"line":82,"column":3}},"26":{"start":{"line":74,"column":4},"end":{"line":74,"column":23}},"27":{"start":{"line":75,"column":22},"end":{"line":75,"column":35}},"28":{"start":{"line":76,"column":4},"end":{"line":76,"column":27}},"29":{"start":{"line":77,"column":23},"end":{"line":77,"column":37}},"30":{"start":{"line":78,"column":4},"end":{"line":78,"column":28}},"31":{"start":{"line":79,"column":24},"end":{"line":79,"column":43}},"32":{"start":{"line":80,"column":4},"end":{"line":80,"column":40}},"33":{"start":{"line":81,"column":4},"end":{"line":81,"column":33}},"34":{"start":{"line":84,"column":31},"end":{"line":105,"column":3}},"35":{"start":{"line":85,"column":4},"end":{"line":85,"column":23}},"36":{"start":{"line":86,"column":26},"end":{"line":94,"column":5}},"37":{"start":{"line":96,"column":24},"end":{"line":96,"column":37}},"38":{"start":{"line":98,"column":18},"end":{"line":100,"column":5}},"39":{"start":{"line":99,"column":19},"end":{"line":99,"column":49}},"40":{"start":{"line":102,"column":4},"end":{"line":102,"column":39}},"41":{"start":{"line":104,"column":4},"end":{"line":104,"column":29}},"42":{"start":{"line":107,"column":23},"end":{"line":119,"column":3}},"43":{"start":{"line":108,"column":4},"end":{"line":108,"column":23}},"44":{"start":{"line":109,"column":24},"end":{"line":109,"column":37}},"45":{"start":{"line":111,"column":4},"end":{"line":113,"column":7}},"46":{"start":{"line":112,"column":6},"end":{"line":112,"column":23}},"47":{"start":{"line":114,"column":4},"end":{"line":114,"column":17}},"48":{"start":{"line":120,"column":30},"end":{"line":127,"column":3}},"49":{"start":{"line":121,"column":4},"end":{"line":121,"column":23}},"50":{"start":{"line":122,"column":22},"end":{"line":122,"column":35}},"51":{"start":{"line":123,"column":23},"end":{"line":123,"column":37}},"52":{"start":{"line":124,"column":24},"end":{"line":124,"column":42}},"53":{"start":{"line":125,"column":4},"end":{"line":125,"column":40}},"54":{"start":{"line":126,"column":4},"end":{"line":126,"column":32}},"55":{"start":{"line":129,"column":30},"end":{"line":159,"column":3}},"56":{"start":{"line":130,"column":4},"end":{"line":130,"column":23}},"57":{"start":{"line":131,"column":23},"end":{"line":138,"column":5}},"58":{"start":{"line":139,"column":4},"end":{"line":139,"column":28}},"59":{"start":{"line":140,"column":4},"end":{"line":157,"column":5}},"60":{"start":{"line":141,"column":6},"end":{"line":154,"column":11}},"61":{"start":{"line":153,"column":10},"end":{"line":153,"column":23}},"62":{"start":{"line":156,"column":6},"end":{"line":156,"column":25}},"63":{"start":{"line":158,"column":4},"end":{"line":158,"column":17}},"64":{"start":{"line":161,"column":22},"end":{"line":189,"column":3}},"65":{"start":{"line":162,"column":28},"end":{"line":162,"column":55}},"66":{"start":{"line":163,"column":20},"end":{"line":163,"column":79}},"67":{"start":{"line":165,"column":17},"end":{"line":165,"column":19}},"68":{"start":{"line":166,"column":4},"end":{"line":185,"column":5}},"69":{"start":{"line":166,"column":17},"end":{"line":166,"column":18}},"70":{"start":{"line":167,"column":18},"end":{"line":167,"column":77}},"71":{"start":{"line":168,"column":6},"end":{"line":184,"column":7}},"72":{"start":{"line":169,"column":20},"end":{"line":169,"column":22}},"73":{"start":{"line":170,"column":8},"end":{"line":179,"column":9}},"74":{"start":{"line":170,"column":21},"end":{"line":170,"column":22}},"75":{"start":{"line":171,"column":18},"end":{"line":171,"column":24}},"76":{"start":{"line":172,"column":10},"end":{"line":175,"column":11}},"77":{"start":{"line":173,"column":12},"end":{"line":173,"column":63}},"78":{"start":{"line":173,"column":30},"end":{"line":173,"column":63}},"79":{"start":{"line":174,"column":12},"end":{"line":174,"column":74}},"80":{"start":{"line":174,"column":41},"end":{"line":174,"column":74}},"81":{"start":{"line":176,"column":10},"end":{"line":178,"column":11}},"82":{"start":{"line":177,"column":12},"end":{"line":177,"column":32}},"83":{"start":{"line":181,"column":8},"end":{"line":183,"column":9}},"84":{"start":{"line":181,"column":45},"end":{"line":181,"column":46}},"85":{"start":{"line":182,"column":10},"end":{"line":182,"column":25}},"86":{"start":{"line":187,"column":23},"end":{"line":187,"column":45}},"87":{"start":{"line":188,"column":4},"end":{"line":188,"column":28}},"88":{"start":{"line":191,"column":27},"end":{"line":206,"column":3}},"89":{"start":{"line":192,"column":17},"end":{"line":192,"column":34}},"90":{"start":{"line":193,"column":19},"end":{"line":193,"column":35}},"91":{"start":{"line":194,"column":4},"end":{"line":204,"column":6}},"92":{"start":{"line":196,"column":19},"end":{"line":196,"column":36}},"93":{"start":{"line":197,"column":17},"end":{"line":197,"column":52}},"94":{"start":{"line":199,"column":21},"end":{"line":199,"column":37}},"95":{"start":{"line":200,"column":17},"end":{"line":200,"column":34}},"96":{"start":{"line":202,"column":19},"end":{"line":202,"column":61}},"97":{"start":{"line":203,"column":6},"end":{"line":203,"column":24}},"98":{"start":{"line":205,"column":4},"end":{"line":205,"column":36}},"99":{"start":{"line":208,"column":2},"end":{"line":249,"column":4}}},"fnMap":{"0":{"name":"(anonymous_0)","decl":{"start":{"line":22,"column":16},"end":{"line":22,"column":17}},"loc":{"start":{"line":22,"column":46},"end":{"line":250,"column":1}},"line":22},"1":{"name":"(anonymous_1)","decl":{"start":{"line":24,"column":12},"end":{"line":24,"column":13}},"loc":{"start":{"line":24,"column":18},"end":{"line":28,"column":3}},"line":24},"2":{"name":"(anonymous_2)","decl":{"start":{"line":33,"column":21},"end":{"line":33,"column":22}},"loc":{"start":{"line":33,"column":27},"end":{"line":39,"column":3}},"line":33},"3":{"name":"(anonymous_3)","decl":{"start":{"line":35,"column":38},"end":{"line":35,"column":39}},"loc":{"start":{"line":35,"column":47},"end":{"line":38,"column":5}},"line":35},"4":{"name":"(anonymous_4)","decl":{"start":{"line":40,"column":12},"end":{"line":40,"column":13}},"loc":{"start":{"line":40,"column":18},"end":{"line":42,"column":3}},"line":40},"5":{"name":"(anonymous_5)","decl":{"start":{"line":66,"column":21},"end":{"line":66,"column":22}},"loc":{"start":{"line":66,"column":37},"end":{"line":71,"column":3}},"line":66},"6":{"name":"(anonymous_6)","decl":{"start":{"line":73,"column":31},"end":{"line":73,"column":32}},"loc":{"start":{"line":73,"column":38},"end":{"line":82,"column":3}},"line":73},"7":{"name":"(anonymous_7)","decl":{"start":{"line":84,"column":31},"end":{"line":84,"column":32}},"loc":{"start":{"line":84,"column":38},"end":{"line":105,"column":3}},"line":84},"8":{"name":"(anonymous_8)","decl":{"start":{"line":99,"column":6},"end":{"line":99,"column":7}},"loc":{"start":{"line":99,"column":19},"end":{"line":99,"column":49}},"line":99},"9":{"name":"(anonymous_9)","decl":{"start":{"line":107,"column":23},"end":{"line":107,"column":24}},"loc":{"start":{"line":107,"column":36},"end":{"line":119,"column":3}},"line":107},"10":{"name":"(anonymous_10)","decl":{"start":{"line":111,"column":52},"end":{"line":111,"column":53}},"loc":{"start":{"line":111,"column":61},"end":{"line":113,"column":5}},"line":111},"11":{"name":"(anonymous_11)","decl":{"start":{"line":120,"column":30},"end":{"line":120,"column":31}},"loc":{"start":{"line":120,"column":37},"end":{"line":127,"column":3}},"line":120},"12":{"name":"(anonymous_12)","decl":{"start":{"line":129,"column":30},"end":{"line":129,"column":31}},"loc":{"start":{"line":129,"column":37},"end":{"line":159,"column":3}},"line":129},"13":{"name":"(anonymous_13)","decl":{"start":{"line":150,"column":14},"end":{"line":150,"column":15}},"loc":{"start":{"line":150,"column":23},"end":{"line":154,"column":9}},"line":150},"14":{"name":"(anonymous_14)","decl":{"start":{"line":161,"column":22},"end":{"line":161,"column":23}},"loc":{"start":{"line":161,"column":38},"end":{"line":189,"column":3}},"line":161},"15":{"name":"(anonymous_15)","decl":{"start":{"line":181,"column":38},"end":{"line":181,"column":39}},"loc":{"start":{"line":181,"column":45},"end":{"line":181,"column":46}},"line":181},"16":{"name":"(anonymous_16)","decl":{"start":{"line":191,"column":27},"end":{"line":191,"column":28}},"loc":{"start":{"line":191,"column":34},"end":{"line":206,"column":3}},"line":191},"17":{"name":"(anonymous_17)","decl":{"start":{"line":194,"column":20},"end":{"line":194,"column":21}},"loc":{"start":{"line":194,"column":29},"end":{"line":204,"column":5}},"line":194}},"branchMap":{"0":{"loc":{"start":{"line":26,"column":6},"end":{"line":26,"column":44}},"type":"binary-expr","locations":[{"start":{"line":26,"column":6},"end":{"line":26,"column":22}},{"start":{"line":26,"column":26},"end":{"line":26,"column":44}}],"line":26},"1":{"loc":{"start":{"line":168,"column":6},"end":{"line":184,"column":7}},"type":"if","locations":[{"start":{"line":168,"column":6},"end":{"line":184,"column":7}},{"start":{},"end":{}}],"line":168},"2":{"loc":{"start":{"line":168,"column":10},"end":{"line":168,"column":50}},"type":"binary-expr","locations":[{"start":{"line":168,"column":10},"end":{"line":168,"column":17}},{"start":{"line":168,"column":21},"end":{"line":168,"column":50}}],"line":168},"3":{"loc":{"start":{"line":172,"column":10},"end":{"line":175,"column":11}},"type":"if","locations":[{"start":{"line":172,"column":10},"end":{"line":175,"column":11}},{"start":{},"end":{}}],"line":172},"4":{"loc":{"start":{"line":173,"column":12},"end":{"line":173,"column":63}},"type":"if","locations":[{"start":{"line":173,"column":12},"end":{"line":173,"column":63}},{"start":{},"end":{}}],"line":173},"5":{"loc":{"start":{"line":174,"column":12},"end":{"line":174,"column":74}},"type":"if","locations":[{"start":{"line":174,"column":12},"end":{"line":174,"column":74}},{"start":{},"end":{}}],"line":174},"6":{"loc":{"start":{"line":176,"column":10},"end":{"line":178,"column":11}},"type":"if","locations":[{"start":{"line":176,"column":10},"end":{"line":178,"column":11}},{"start":{},"end":{}}],"line":176},"7":{"loc":{"start":{"line":181,"column":8},"end":{"line":183,"column":9}},"type":"if","locations":[{"start":{"line":181,"column":8},"end":{"line":183,"column":9}},{"start":{},"end":{}}],"line":181}},"s":{"0":3,"1":3,"2":3,"3":0,"4":0,"5":0,"6":0,"7":0,"8":0,"9":0,"10":0,"11":0,"12":0,"13":0,"14":0,"15":0,"16":0,"17":0,"18":0,"19":0,"20":0,"21":0,"22":0,"23":0,"24":0,"25":0,"26":0,"27":0,"28":0,"29":0,"30":0,"31":0,"32":0,"33":0,"34":0,"35":0,"36":0,"37":0,"38":0,"39":0,"40":0,"41":0,"42":0,"43":0,"44":0,"45":0,"46":0,"47":0,"48":0,"49":0,"50":0,"51":0,"52":0,"53":0,"54":0,"55":0,"56":0,"57":0,"58":0,"59":0,"60":0,"61":0,"62":0,"63":0,"64":0,"65":0,"66":0,"67":0,"68":0,"69":0,"70":0,"71":0,"72":0,"73":0,"74":0,"75":0,"76":0,"77":0,"78":0,"79":0,"80":0,"81":0,"82":0,"83":0,"84":0,"85":0,"86":0,"87":0,"88":0,"89":0,"90":0,"91":0,"92":0,"93":0,"94":0,"95":0,"96":0,"97":0,"98":0,"99":0},"f":{"0":0,"1":0,"2":0,"3":0,"4":0,"5":0,"6":0,"7":0,"8":0,"9":0,"10":0,"11":0,"12":0,"13":0,"14":0,"15":0,"16":0,"17":0},"b":{"0":[0,0],"1":[0,0],"2":[0,0],"3":[0,0],"4":[0,0],"5":[0,0],"6":[0,0],"7":[0,0]},"_coverageSchema":"1a1c01bbd47fc00a2c39e90264f33305004495a9","hash":"94b89ec0fa68bb90f127e396e3596915fedf1a36"}
,"D:\\data\\Projects\\Github\\Company\\GA\\Training\\crud-demo\\frontend\\src\\components\\StudentTable.js": {"path":"D:\\data\\Projects\\Github\\Company\\GA\\Training\\crud-demo\\frontend\\src\\components\\StudentTable.js","statementMap":{"0":{"start":{"line":4,"column":21},"end":{"line":87,"column":1}},"1":{"start":{"line":18,"column":2},"end":{"line":86,"column":4}},"2":{"start":{"line":36,"column":18},"end":{"line":36,"column":62}},"3":{"start":{"line":44,"column":16},"end":{"line":79,"column":21}},"4":{"start":{"line":46,"column":20},"end":{"line":46,"column":47}},"5":{"start":{"line":53,"column":26},"end":{"line":53,"column":47}},"6":{"start":{"line":66,"column":24},"end":{"line":66,"column":47}},"7":{"start":{"line":74,"column":38},"end":{"line":74,"column":62}}},"fnMap":{"0":{"name":"(anonymous_0)","decl":{"start":{"line":4,"column":21},"end":{"line":4,"column":22}},"loc":{"start":{"line":17,"column":6},"end":{"line":87,"column":1}},"line":17},"1":{"name":"(anonymous_1)","decl":{"start":{"line":35,"column":30},"end":{"line":35,"column":31}},"loc":{"start":{"line":36,"column":18},"end":{"line":36,"column":62}},"line":36},"2":{"name":"(anonymous_2)","decl":{"start":{"line":43,"column":39},"end":{"line":43,"column":40}},"loc":{"start":{"line":44,"column":16},"end":{"line":79,"column":21}},"line":44},"3":{"name":"(anonymous_3)","decl":{"start":{"line":45,"column":46},"end":{"line":45,"column":47}},"loc":{"start":{"line":46,"column":20},"end":{"line":46,"column":47}},"line":46},"4":{"name":"(anonymous_4)","decl":{"start":{"line":52,"column":33},"end":{"line":52,"column":34}},"loc":{"start":{"line":52,"column":39},"end":{"line":54,"column":25}},"line":52},"5":{"name":"(anonymous_5)","decl":{"start":{"line":65,"column":31},"end":{"line":65,"column":32}},"loc":{"start":{"line":65,"column":38},"end":{"line":67,"column":23}},"line":65},"6":{"name":"(anonymous_6)","decl":{"start":{"line":74,"column":31},"end":{"line":74,"column":32}},"loc":{"start":{"line":74,"column":38},"end":{"line":74,"column":62}},"line":74}},"branchMap":{"0":{"loc":{"start":{"line":31,"column":9},"end":{"line":83,"column":9}},"type":"binary-expr","locations":[{"start":{"line":31,"column":9},"end":{"line":31,"column":24}},{"start":{"line":32,"column":10},"end":{"line":82,"column":18}}],"line":31}},"s":{"0":3,"1":0,"2":0,"3":0,"4":0,"5":0,"6":0,"7":0},"f":{"0":0,"1":0,"2":0,"3":0,"4":0,"5":0,"6":0},"b":{"0":[0,0]},"_coverageSchema":"1a1c01bbd47fc00a2c39e90264f33305004495a9","hash":"4c079eb84cccc34e29a0c7d42c5b703d73860ab9"}
,"D:\\data\\Projects\\Github\\Company\\GA\\Training\\crud-demo\\frontend\\src\\components\\TableSearch.js": {"path":"D:\\data\\Projects\\Github\\Company\\GA\\Training\\crud-demo\\frontend\\src\\components\\TableSearch.js","statementMap":{"0":{"start":{"line":4,"column":20},"end":{"line":22,"column":1}},"1":{"start":{"line":5,"column":19},"end":{"line":9,"column":3}},"2":{"start":{"line":6,"column":25},"end":{"line":6,"column":39}},"3":{"start":{"line":7,"column":17},"end":{"line":7,"column":50}},"4":{"start":{"line":8,"column":4},"end":{"line":8,"column":23}},"5":{"start":{"line":10,"column":2},"end":{"line":12,"column":13}},"6":{"start":{"line":11,"column":4},"end":{"line":11,"column":21}},"7":{"start":{"line":14,"column":2},"end":{"line":21,"column":4}}},"fnMap":{"0":{"name":"(anonymous_0)","decl":{"start":{"line":4,"column":20},"end":{"line":4,"column":21}},"loc":{"start":{"line":4,"column":46},"end":{"line":22,"column":1}},"line":4},"1":{"name":"(anonymous_1)","decl":{"start":{"line":5,"column":19},"end":{"line":5,"column":20}},"loc":{"start":{"line":5,"column":26},"end":{"line":9,"column":3}},"line":5},"2":{"name":"(anonymous_2)","decl":{"start":{"line":10,"column":12},"end":{"line":10,"column":13}},"loc":{"start":{"line":10,"column":18},"end":{"line":12,"column":3}},"line":10}},"branchMap":{},"s":{"0":3,"1":0,"2":0,"3":0,"4":0,"5":0,"6":0,"7":0},"f":{"0":0,"1":0,"2":0},"b":{},"_coverageSchema":"1a1c01bbd47fc00a2c39e90264f33305004495a9","hash":"13a43e0724e3662d098bec470ce9dfa59836609c"}
}
